#
# There is insufficient memory for the Java Runtime Environment to continue.
# Native memory allocation (mmap) failed to map 132120576 bytes for G1 virtual space
# Possible reasons:
#   The system is out of physical RAM or swap space
#   The process is running with CompressedOops enabled, and the Java Heap may be blocking the growth of the native heap
# Possible solutions:
#   Reduce memory load on the system
#   Increase physical memory or swap space
#   Check if swap backing store is full
#   Decrease Java heap size (-Xmx/-Xms)
#   Decrease number of Java threads
#   Decrease Java thread stack sizes (-Xss)
#   Set larger code cache with -XX:ReservedCodeCacheSize=
#   JVM is running with Unscaled Compressed Oops mode in which the Java heap is
#     placed in the first 4GB address space. The Java Heap base address is the
#     maximum limit for the native heap growth. Please use -XX:HeapBaseMinAddress
#     to set the Java Heap base and to place the Java Heap above 4GB virtual address.
# This output file may be truncated or incomplete.
#
#  Out of Memory Error (os_windows.cpp:3552), pid=30032, tid=20504
#
# JRE version:  (17.0.9+11) (build )
# Java VM: Java HotSpot(TM) 64-Bit Server VM (17.0.9+11-LTS-201, mixed mode, emulated-client, sharing, tiered, compressed oops, compressed class ptrs, g1 gc, windows-amd64)
# No core dump will be written. Minidumps are not enabled by default on client versions of Windows
#

---------------  S U M M A R Y ------------

Command Line: -XX:TieredStopAtLevel=1 -Dspring.output.ansi.enabled=always -Dcom.sun.management.jmxremote -Dspring.jmx.enabled=true -Dspring.liveBeansView.mbeanDomain -Dspring.application.admin.enabled=true -Dmanagement.endpoints.jmx.exposure.include=* -javaagent:C:\Program Files\JetBrains\IntelliJ IDEA 2023.3.6\lib\idea_rt.jar=62357:C:\Program Files\JetBrains\IntelliJ IDEA 2023.3.6\bin -Dfile.encoding=UTF-8 flory.FloryServer.FloryServerApplication

Host: Intel(R) Core(TM) i5-10210U CPU @ 1.60GHz, 8 cores, 7G,  Windows 11 , 64 bit Build 22621 (10.0.22621.3672)
Time: Mon Jul 29 15:05:40 2024  Windows 11 , 64 bit Build 22621 (10.0.22621.3672) elapsed time: 0.081626 seconds (0d 0h 0m 0s)

---------------  T H R E A D  ---------------

Current thread (0x00000291441cbfe0):  JavaThread "Unknown thread" [_thread_in_vm, id=20504, stack(0x0000009e78f00000,0x0000009e79000000)]

Stack: [0x0000009e78f00000,0x0000009e79000000]
Native frames: (J=compiled Java code, j=interpreted, Vv=VM code, C=native code)
V  [jvm.dll+0x678a4a]
V  [jvm.dll+0x7d9cfd]
V  [jvm.dll+0x7db60e]
V  [jvm.dll+0x7dbc73]
V  [jvm.dll+0x245e1f]
V  [jvm.dll+0x6758f9]
V  [jvm.dll+0x66a2a2]
V  [jvm.dll+0x303686]
V  [jvm.dll+0x30ac06]
V  [jvm.dll+0x35a48e]
V  [jvm.dll+0x35a6bf]
V  [jvm.dll+0x2da678]
V  [jvm.dll+0x2db5e4]
V  [jvm.dll+0x7ab6b1]
V  [jvm.dll+0x368041]
V  [jvm.dll+0x78a749]
V  [jvm.dll+0x3ebd4f]
V  [jvm.dll+0x3ed7d1]
C  [jli.dll+0x5297]
C  [ucrtbase.dll+0x29333]
C  [KERNEL32.DLL+0x1257d]
C  [ntdll.dll+0x5af28]


---------------  P R O C E S S  ---------------

Threads class SMR info:
_java_thread_list=0x00007ffec3fe89d8, length=0, elements={
}

Java Threads: ( => current thread )

Other Threads:
  0x0000029144227980 GCTaskThread "GC Thread#0" [stack: 0x0000009e79000000,0x0000009e79100000] [id=26536]
  0x0000029144238310 ConcurrentGCThread "G1 Main Marker" [stack: 0x0000009e79100000,0x0000009e79200000] [id=15880]
  0x0000029144239d30 ConcurrentGCThread "G1 Conc#0" [stack: 0x0000009e79200000,0x0000009e79300000] [id=11832]

[error occurred during error reporting (printing all threads), id 0xc0000005, EXCEPTION_ACCESS_VIOLATION (0xc0000005) at pc=0x00007ffec381b2d7]

VM state: not at safepoint (not fully initialized)

VM Mutex/Monitor currently owned by a thread:  ([mutex/lock_event])
[0x00000291441c8710] Heap_lock - owner thread: 0x00000291441cbfe0

Heap address: 0x0000000082e00000, size: 2002 MB, Compressed Oops mode: 32-bit

CDS archive(s) mapped at: [0x0000000000000000-0x0000000000000000-0x0000000000000000), size 0, SharedBaseAddress: 0x0000000800000000, ArchiveRelocationMode: 1.
Narrow klass base: 0x0000000000000000, Narrow klass shift: 0, Narrow klass range: 0x0

GC Precious Log:
<Empty>

Heap:
 garbage-first heap   total 0K, used 0K [0x0000000082e00000, 0x0000000100000000)
  region size 1024K, 0 young (0K), 0 survivors (0K)

[error occurred during error reporting (printing heap information), id 0xc0000005, EXCEPTION_ACCESS_VIOLATION (0xc0000005) at pc=0x00007ffec3c02229]

GC Heap History (0 events):
No events

Deoptimization events (0 events):
No events

Classes unloaded (0 events):
No events

Classes redefined (0 events):
No events

Internal exceptions (0 events):
No events

VM Operations (0 events):
No events

Events (1 events):
Event: 0.053 Loaded shared library C:\Program Files\Java\jdk-17\bin\java.dll


Dynamic libraries:
0x00007ff71a2c0000 - 0x00007ff71a2d0000 	C:\Program Files\Java\jdk-17\bin\java.exe
0x00007fff3bd70000 - 0x00007fff3bf87000 	C:\WINDOWS\SYSTEM32\ntdll.dll
0x00007fff3a880000 - 0x00007fff3a944000 	C:\WINDOWS\System32\KERNEL32.DLL
0x00007fff391c0000 - 0x00007fff3956d000 	C:\WINDOWS\System32\KERNELBASE.dll
0x00007fff39780000 - 0x00007fff39891000 	C:\WINDOWS\System32\ucrtbase.dll
0x00007fff2a310000 - 0x00007fff2a32b000 	C:\Program Files\Java\jdk-17\bin\VCRUNTIME140.dll
0x00007fff1d690000 - 0x00007fff1d6a9000 	C:\Program Files\Java\jdk-17\bin\jli.dll
0x00007fff3bb90000 - 0x00007fff3bc42000 	C:\WINDOWS\System32\ADVAPI32.dll
0x00007fff3b800000 - 0x00007fff3b8a7000 	C:\WINDOWS\System32\msvcrt.dll
0x00007fff3bae0000 - 0x00007fff3bb89000 	C:\WINDOWS\System32\sechost.dll
0x00007fff398a0000 - 0x00007fff398c8000 	C:\WINDOWS\System32\bcrypt.dll
0x00007fff3a200000 - 0x00007fff3a314000 	C:\WINDOWS\System32\RPCRT4.dll
0x00007fff3a030000 - 0x00007fff3a1de000 	C:\WINDOWS\System32\USER32.dll
0x00007fff39690000 - 0x00007fff396b6000 	C:\WINDOWS\System32\win32u.dll
0x00007fff39f00000 - 0x00007fff39f29000 	C:\WINDOWS\System32\GDI32.dll
0x00007fff20f00000 - 0x00007fff21193000 	C:\WINDOWS\WinSxS\amd64_microsoft.windows.common-controls_6595b64144ccf1df_6.0.22621.3672_none_2713b9d173822955\COMCTL32.dll
0x00007fff39570000 - 0x00007fff39689000 	C:\WINDOWS\System32\gdi32full.dll
0x00007fff39120000 - 0x00007fff391ba000 	C:\WINDOWS\System32\msvcp_win.dll
0x00007fff2bb30000 - 0x00007fff2bb3a000 	C:\WINDOWS\SYSTEM32\VERSION.dll
0x00007fff3a840000 - 0x00007fff3a871000 	C:\WINDOWS\System32\IMM32.DLL
0x00007fff30710000 - 0x00007fff3071c000 	C:\Program Files\Java\jdk-17\bin\vcruntime140_1.dll
0x00007fff120a0000 - 0x00007fff1212e000 	C:\Program Files\Java\jdk-17\bin\msvcp140.dll
0x00007ffec3530000 - 0x00007ffec4111000 	C:\Program Files\Java\jdk-17\bin\server\jvm.dll
0x00007fff3b300000 - 0x00007fff3b308000 	C:\WINDOWS\System32\PSAPI.DLL
0x00007fff2fe50000 - 0x00007fff2fe84000 	C:\WINDOWS\SYSTEM32\WINMM.dll
0x00007fff30720000 - 0x00007fff30729000 	C:\WINDOWS\SYSTEM32\WSOCK32.dll
0x00007fff3bc50000 - 0x00007fff3bcc1000 	C:\WINDOWS\System32\WS2_32.dll
0x00007fff38190000 - 0x00007fff381a8000 	C:\WINDOWS\SYSTEM32\kernel.appcore.dll
0x00007fff306f0000 - 0x00007fff306fa000 	C:\Program Files\Java\jdk-17\bin\jimage.dll
0x00007fff32fd0000 - 0x00007fff33202000 	C:\WINDOWS\SYSTEM32\DBGHELP.DLL
0x00007fff3b310000 - 0x00007fff3b698000 	C:\WINDOWS\System32\combase.dll
0x00007fff3b900000 - 0x00007fff3b9d7000 	C:\WINDOWS\System32\OLEAUT32.dll
0x00007fff2ce00000 - 0x00007fff2ce32000 	C:\WINDOWS\SYSTEM32\dbgcore.DLL
0x00007fff390a0000 - 0x00007fff3911b000 	C:\WINDOWS\System32\bcryptPrimitives.dll
0x00007fff2ffb0000 - 0x00007fff2ffbe000 	C:\Program Files\Java\jdk-17\bin\instrument.dll
0x00007fff1a720000 - 0x00007fff1a745000 	C:\Program Files\Java\jdk-17\bin\java.dll

dbghelp: loaded successfully - version: 4.0.5 - missing functions: none
symbol engine: initialized successfully - sym options: 0x614 - pdb path: .;C:\Program Files\Java\jdk-17\bin;C:\WINDOWS\SYSTEM32;C:\WINDOWS\WinSxS\amd64_microsoft.windows.common-controls_6595b64144ccf1df_6.0.22621.3672_none_2713b9d173822955;C:\Program Files\Java\jdk-17\bin\server

VM Arguments:
jvm_args: -XX:TieredStopAtLevel=1 -Dspring.output.ansi.enabled=always -Dcom.sun.management.jmxremote -Dspring.jmx.enabled=true -Dspring.liveBeansView.mbeanDomain -Dspring.application.admin.enabled=true -Dmanagement.endpoints.jmx.exposure.include=* -javaagent:C:\Program Files\JetBrains\IntelliJ IDEA 2023.3.6\lib\idea_rt.jar=62357:C:\Program Files\JetBrains\IntelliJ IDEA 2023.3.6\bin -Dfile.encoding=UTF-8 
java_command: flory.FloryServer.FloryServerApplication
java_class_path (initial): C:\Users\wltns\OneDrive\πŸ≈¡ »≠∏È\flory\Flory-Backend\build\classes\java\main;C:\Users\wltns\OneDrive\πŸ≈¡ »≠∏È\flory\Flory-Backend\build\resources\main;C:\Users\wltns\.gradle\caches\modules-2\files-2.1\org.projectlombok\lombok\1.18.32\17d46b3e205515e1e8efd3ee4d57ce8018914163\lombok-1.18.32.jar;C:\Users\wltns\.gradle\caches\modules-2\files-2.1\org.springframework.boot\spring-boot-starter-data-jpa\3.3.1\f12725d58a944eaf4d44334a6a7b0fe14ed08577\spring-boot-starter-data-jpa-3.3.1.jar;C:\Users\wltns\.gradle\caches\modules-2\files-2.1\org.springframework.boot\spring-boot-starter-web\3.3.1\ec812e82a010d089438b6ac98ebe294f2e540f71\spring-boot-starter-web-3.3.1.jar;C:\Users\wltns\.gradle\caches\modules-2\files-2.1\org.springdoc\springdoc-openapi-ui\1.6.15\be2b096e2f5486e562e99cb7b78af4691d10655c\springdoc-openapi-ui-1.6.15.jar;C:\Users\wltns\.gradle\caches\modules-2\files-2.1\io.springfox\springfox-swagger2\2.9.2\362676bc7f4c6f9f1d568741becab0dfc198c898\springfox-swagger2-2.9.2.jar;C:\Users\wltns\.gradle\caches\modules-2\files-2.1\io.springfox\springfox-swagger-ui\2.9.2\d542382a88ff3ea8d4032c28b2b0325797fada7d\springfox-swagger-ui-2.9.2.jar;C:\Users\wltns\.gradle\caches\modules-2\files-2.1\org.springframework.boot\spring-boot-starter-validation\3.3.1\33dee7cc334482480ed01c19c7fe5a35509bba17\spring-boot-starter-validation-3.3.1.jar;C:\Users\wltns\.gradle\caches\modules-2\files-2.1\org.springframework.boot\spring-boot-starter-aop\3.3.1\19da2c8abacda5bed6fadfe3e76e4b61e9cc0f09\spring-boot-starter-aop-3.3.1.jar;C:\Users\wltns\.gradle\caches\modules-2\files-2.1\org.springframework.boot\spring-boot-starter-jdbc\3.3.1\73e79247180d277b68801ff5f4f9e9ab66210335\spring-boot-starter-jdbc-3.3.1.jar;C:\Users\wltns\.gradle\caches\modules-2\files-2.1\org.hibernate.orm\hibernate-core\6.5.2.Final\e9e0cc47f6cd2b2553968aee66bd9e55e7485221\hibernate-core-6.5.2.Final.jar;C:\Users\wltns\.gradle\caches\modules-2\files-2.1\org.springframework.data\spring-data-jpa\3.3.1\
Launcher Type: SUN_STANDARD

[Global flags]
     intx CICompilerCount                          = 4                                         {product} {ergonomic}
     uint ConcGCThreads                            = 2                                         {product} {ergonomic}
     uint G1ConcRefinementThreads                  = 8                                         {product} {ergonomic}
   size_t G1HeapRegionSize                         = 1048576                                   {product} {ergonomic}
    uintx GCDrainStackTargetSize                   = 64                                        {product} {ergonomic}
   size_t InitialHeapSize                          = 132120576                                 {product} {ergonomic}
     bool ManagementServer                         = true                                      {product} {command line}
   size_t MarkStackSize                            = 4194304                                   {product} {ergonomic}
   size_t MaxHeapSize                              = 2099249152                                {product} {ergonomic}
   size_t MinHeapDeltaBytes                        = 1048576                                   {product} {ergonomic}
   size_t MinHeapSize                              = 8388608                                   {product} {ergonomic}
    uintx NonProfiledCodeHeapSize                  = 0                                      {pd product} {ergonomic}
     bool ProfileInterpreter                       = false                                  {pd product} {command line}
    uintx ProfiledCodeHeapSize                     = 0                                      {pd product} {ergonomic}
   size_t SoftMaxHeapSize                          = 2099249152                             {manageable} {ergonomic}
     intx TieredStopAtLevel                        = 1                                         {product} {command line}
     bool UseCompressedClassPointers               = true                           {product lp64_product} {ergonomic}
     bool UseCompressedOops                        = true                           {product lp64_product} {ergonomic}
     bool UseG1GC                                  = true                                      {product} {ergonomic}
     bool UseLargePagesIndividualAllocation        = false                                  {pd product} {ergonomic}

Logging:
Log output configuration:
 #0: stdout all=warning uptime,level,tags
 #1: stderr all=off uptime,level,tags

Environment Variables:
JAVA_HOME=C:\Program Files\Java\jdk-17\
CLASSPATH=C:\Program Files\Java\jdk-17\lib;.
PATH=C:\Program Files\ffmpeg\bin;C:\Program Files\NVIDIA GPU Computing Toolkit\CUDA\v10.1\libnvvp;C:\Program Files\Common Files\Oracle\Java\javapath;C:\WINDOWS\system32;C:\WINDOWS;C:\WINDOWS\System32\Wbem;C:\WINDOWS\System32\WindowsPowerShell\v1.0\;C:\WINDOWS\System32\OpenSSH\;C:\Program Files (x86)\NVIDIA Corporation\PhysX\Common;C:\Program Files (x86)\Windows Kits\10\Windows Performance Toolkit\;C:\Program Files\Java\jdk-17\bin%;C:\Program Files\Git\cmd;C:\Program Files\nodejs\;C:\Program Files\Bandizip\;C:\Program Files (x86)\eSpeak NG\espeak-ng.exe;;C:\ProgramData\chocolatey\bin;C:\Program Files\MySQL\MySQL Shell 8.0\bin\;C:\Users\wltns\AppData\Local\Programs\Python\Python37-32\Scripts\;C:\Users\wltns\AppData\Local\Programs\Python\Python37-32\;C:\Users\wltns\AppData\Local\Microsoft\WindowsApps;C:\Users\wltns\anaconda3;C:\Users\wltns\anaconda3\Library;C:\Users\wltns\anaconda3\Scripts;C:\Users\wltns\AppData\Local\Programs\Microsoft VS Code\bin;C:\Program Files\JetBrains\IntelliJ IDEA 2023.3.6\bin;;C:\Users\wltns\AppData\Roaming\npm;C:\Users\wltns\AppData\Local\GitHubDesktop\bin;C:\Users\wltns\AppData\Local\Google\Cloud SDK\google-cloud-sdk\bin
USERNAME=wltns
OS=Windows_NT
PROCESSOR_IDENTIFIER=Intel64 Family 6 Model 142 Stepping 12, GenuineIntel



---------------  S Y S T E M  ---------------

OS:
 Windows 11 , 64 bit Build 22621 (10.0.22621.3672)
OS uptime: 15 days 9:29 hours
Hyper-V role detected

CPU: total 8 (initial active 8) (4 cores per cpu, 2 threads per core) family 6 model 142 stepping 12 microcode 0xde, cx8, cmov, fxsr, ht, mmx, 3dnowpref, sse, sse2, sse3, ssse3, sse4.1, sse4.2, popcnt, lzcnt, tsc, tscinvbit, avx, avx2, aes, erms, clmul, bmi1, bmi2, adx, fma, vzeroupper, clflush, clflushopt, hv

Memory: 4k page, system-wide physical 8001M (382M free)
TotalPageFile size 32577M (AvailPageFile size 32M)
current process WorkingSet (physical memory assigned to process): 11M, peak: 11M
current process commit charge ("private bytes"): 55M, peak: 181M

vm_info: Java HotSpot(TM) 64-Bit Server VM (17.0.9+11-LTS-201) for windows-amd64 JRE (17.0.9+11-LTS-201), built on Oct 10 2023 23:16:06 by "mach5one" with MS VC++ 17.1 (VS2022)

END.
